The system is: Linux - 3.6.7-4.fc17.x86_64 - x86_64
Compiling the C compiler identification source file "CMakeCCompilerId.c" succeeded.
Compiler: /usr/lib64/ccache/gcc 
Build flags: 
Id flags: 

The output was:
0


Compilation of the C compiler identification source "CMakeCCompilerId.c" produced "a.out"

The C compiler identification is GNU, found in "/home/cgardner/sandbox/ettus_latency/build/CMakeFiles/CompilerIdC/a.out"

Compiling the CXX compiler identification source file "CMakeCXXCompilerId.cpp" succeeded.
Compiler: /usr/lib64/ccache/c++ 
Build flags: 
Id flags: 

The output was:
0


Compilation of the CXX compiler identification source "CMakeCXXCompilerId.cpp" produced "a.out"

The CXX compiler identification is GNU, found in "/home/cgardner/sandbox/ettus_latency/build/CMakeFiles/CompilerIdCXX/a.out"

Determining if the C compiler works passed with the following output:
Change Dir: /home/cgardner/sandbox/ettus_latency/build/CMakeFiles/CMakeTmp

Run Build Command:/usr/bin/gmake "cmTryCompileExec501207346/fast"
/usr/bin/gmake -f CMakeFiles/cmTryCompileExec501207346.dir/build.make CMakeFiles/cmTryCompileExec501207346.dir/build
gmake[1]: Entering directory `/home/cgardner/sandbox/ettus_latency/build/CMakeFiles/CMakeTmp'
/usr/bin/cmake -E cmake_progress_report /home/cgardner/sandbox/ettus_latency/build/CMakeFiles/CMakeTmp/CMakeFiles 1
Building C object CMakeFiles/cmTryCompileExec501207346.dir/testCCompiler.c.o
/usr/lib64/ccache/gcc    -o CMakeFiles/cmTryCompileExec501207346.dir/testCCompiler.c.o   -c /home/cgardner/sandbox/ettus_latency/build/CMakeFiles/CMakeTmp/testCCompiler.c
Linking C executable cmTryCompileExec501207346
/usr/bin/cmake -E cmake_link_script CMakeFiles/cmTryCompileExec501207346.dir/link.txt --verbose=1
/usr/lib64/ccache/gcc         CMakeFiles/cmTryCompileExec501207346.dir/testCCompiler.c.o  -o cmTryCompileExec501207346 -rdynamic 
gmake[1]: Leaving directory `/home/cgardner/sandbox/ettus_latency/build/CMakeFiles/CMakeTmp'


Detecting C compiler ABI info compiled with the following output:
Change Dir: /home/cgardner/sandbox/ettus_latency/build/CMakeFiles/CMakeTmp

Run Build Command:/usr/bin/gmake "cmTryCompileExec812926249/fast"
/usr/bin/gmake -f CMakeFiles/cmTryCompileExec812926249.dir/build.make CMakeFiles/cmTryCompileExec812926249.dir/build
gmake[1]: Entering directory `/home/cgardner/sandbox/ettus_latency/build/CMakeFiles/CMakeTmp'
/usr/bin/cmake -E cmake_progress_report /home/cgardner/sandbox/ettus_latency/build/CMakeFiles/CMakeTmp/CMakeFiles 1
Building C object CMakeFiles/cmTryCompileExec812926249.dir/CMakeCCompilerABI.c.o
/usr/lib64/ccache/gcc    -o CMakeFiles/cmTryCompileExec812926249.dir/CMakeCCompilerABI.c.o   -c /usr/share/cmake/Modules/CMakeCCompilerABI.c
Linking C executable cmTryCompileExec812926249
/usr/bin/cmake -E cmake_link_script CMakeFiles/cmTryCompileExec812926249.dir/link.txt --verbose=1
/usr/lib64/ccache/gcc       -v CMakeFiles/cmTryCompileExec812926249.dir/CMakeCCompilerABI.c.o  -o cmTryCompileExec812926249 -rdynamic  
Using built-in specs.
COLLECT_GCC=/usr/bin/gcc
COLLECT_LTO_WRAPPER=/usr/libexec/gcc/x86_64-redhat-linux/4.7.2/lto-wrapper
Target: x86_64-redhat-linux
Configured with: ../configure --prefix=/usr --mandir=/usr/share/man --infodir=/usr/share/info --with-bugurl=http://bugzilla.redhat.com/bugzilla --enable-bootstrap --enable-shared --enable-threads=posix --enable-checking=release --disable-build-with-cxx --disable-build-poststage1-with-cxx --with-system-zlib --enable-__cxa_atexit --disable-libunwind-exceptions --enable-gnu-unique-object --enable-linker-build-id --with-linker-hash-style=gnu --enable-languages=c,c++,objc,obj-c++,java,fortran,ada,go,lto --enable-plugin --enable-initfini-array --enable-java-awt=gtk --disable-dssi --with-java-home=/usr/lib/jvm/java-1.5.0-gcj-1.5.0.0/jre --enable-libgcj-multifile --enable-java-maintainer-mode --with-ecj-jar=/usr/share/java/eclipse-ecj.jar --disable-libjava-multilib --with-ppl --with-cloog --with-tune=generic --with-arch_32=i686 --build=x86_64-redhat-linux
Thread model: posix
gcc version 4.7.2 20120921 (Red Hat 4.7.2-2) (GCC) 
COMPILER_PATH=/usr/libexec/gcc/x86_64-redhat-linux/4.7.2/:/usr/libexec/gcc/x86_64-redhat-linux/4.7.2/:/usr/libexec/gcc/x86_64-redhat-linux/:/usr/lib/gcc/x86_64-redhat-linux/4.7.2/:/usr/lib/gcc/x86_64-redhat-linux/
LIBRARY_PATH=/usr/lib/gcc/x86_64-redhat-linux/4.7.2/:/usr/lib/gcc/x86_64-redhat-linux/4.7.2/../../../../lib64/:/lib/../lib64/:/usr/lib/../lib64/:/usr/lib/gcc/x86_64-redhat-linux/4.7.2/../../../:/lib/:/usr/lib/
COLLECT_GCC_OPTIONS='-v' '-o' 'cmTryCompileExec812926249' '-rdynamic' '-mtune=generic' '-march=x86-64'
 /usr/libexec/gcc/x86_64-redhat-linux/4.7.2/collect2 --build-id --no-add-needed --eh-frame-hdr --hash-style=gnu -m elf_x86_64 -export-dynamic -dynamic-linker /lib64/ld-linux-x86-64.so.2 -o cmTryCompileExec812926249 /usr/lib/gcc/x86_64-redhat-linux/4.7.2/../../../../lib64/crt1.o /usr/lib/gcc/x86_64-redhat-linux/4.7.2/../../../../lib64/crti.o /usr/lib/gcc/x86_64-redhat-linux/4.7.2/crtbegin.o -L/usr/lib/gcc/x86_64-redhat-linux/4.7.2 -L/usr/lib/gcc/x86_64-redhat-linux/4.7.2/../../../../lib64 -L/lib/../lib64 -L/usr/lib/../lib64 -L/usr/lib/gcc/x86_64-redhat-linux/4.7.2/../../.. CMakeFiles/cmTryCompileExec812926249.dir/CMakeCCompilerABI.c.o -lgcc --as-needed -lgcc_s --no-as-needed -lc -lgcc --as-needed -lgcc_s --no-as-needed /usr/lib/gcc/x86_64-redhat-linux/4.7.2/crtend.o /usr/lib/gcc/x86_64-redhat-linux/4.7.2/../../../../lib64/crtn.o
gmake[1]: Leaving directory `/home/cgardner/sandbox/ettus_latency/build/CMakeFiles/CMakeTmp'


Parsed C implicit link information from above output:
  link line regex: [^( *|.*[/\])(ld|ld|collect2)[^/\]*( |$)]
  ignore line: [Change Dir: /home/cgardner/sandbox/ettus_latency/build/CMakeFiles/CMakeTmp]
  ignore line: []
  ignore line: [Run Build Command:/usr/bin/gmake "cmTryCompileExec812926249/fast"]
  ignore line: [/usr/bin/gmake -f CMakeFiles/cmTryCompileExec812926249.dir/build.make CMakeFiles/cmTryCompileExec812926249.dir/build]
  ignore line: [gmake[1]: Entering directory `/home/cgardner/sandbox/ettus_latency/build/CMakeFiles/CMakeTmp']
  ignore line: [/usr/bin/cmake -E cmake_progress_report /home/cgardner/sandbox/ettus_latency/build/CMakeFiles/CMakeTmp/CMakeFiles 1]
  ignore line: [Building C object CMakeFiles/cmTryCompileExec812926249.dir/CMakeCCompilerABI.c.o]
  ignore line: [/usr/lib64/ccache/gcc    -o CMakeFiles/cmTryCompileExec812926249.dir/CMakeCCompilerABI.c.o   -c /usr/share/cmake/Modules/CMakeCCompilerABI.c]
  ignore line: [Linking C executable cmTryCompileExec812926249]
  ignore line: [/usr/bin/cmake -E cmake_link_script CMakeFiles/cmTryCompileExec812926249.dir/link.txt --verbose=1]
  ignore line: [/usr/lib64/ccache/gcc       -v CMakeFiles/cmTryCompileExec812926249.dir/CMakeCCompilerABI.c.o  -o cmTryCompileExec812926249 -rdynamic  ]
  ignore line: [Using built-in specs.]
  ignore line: [COLLECT_GCC=/usr/bin/gcc]
  ignore line: [COLLECT_LTO_WRAPPER=/usr/libexec/gcc/x86_64-redhat-linux/4.7.2/lto-wrapper]
  ignore line: [Target: x86_64-redhat-linux]
  ignore line: [Configured with: ../configure --prefix=/usr --mandir=/usr/share/man --infodir=/usr/share/info --with-bugurl=http://bugzilla.redhat.com/bugzilla --enable-bootstrap --enable-shared --enable-threads=posix --enable-checking=release --disable-build-with-cxx --disable-build-poststage1-with-cxx --with-system-zlib --enable-__cxa_atexit --disable-libunwind-exceptions --enable-gnu-unique-object --enable-linker-build-id --with-linker-hash-style=gnu --enable-languages=c,c++,objc,obj-c++,java,fortran,ada,go,lto --enable-plugin --enable-initfini-array --enable-java-awt=gtk --disable-dssi --with-java-home=/usr/lib/jvm/java-1.5.0-gcj-1.5.0.0/jre --enable-libgcj-multifile --enable-java-maintainer-mode --with-ecj-jar=/usr/share/java/eclipse-ecj.jar --disable-libjava-multilib --with-ppl --with-cloog --with-tune=generic --with-arch_32=i686 --build=x86_64-redhat-linux]
  ignore line: [Thread model: posix]
  ignore line: [gcc version 4.7.2 20120921 (Red Hat 4.7.2-2) (GCC) ]
  ignore line: [COMPILER_PATH=/usr/libexec/gcc/x86_64-redhat-linux/4.7.2/:/usr/libexec/gcc/x86_64-redhat-linux/4.7.2/:/usr/libexec/gcc/x86_64-redhat-linux/:/usr/lib/gcc/x86_64-redhat-linux/4.7.2/:/usr/lib/gcc/x86_64-redhat-linux/]
  ignore line: [LIBRARY_PATH=/usr/lib/gcc/x86_64-redhat-linux/4.7.2/:/usr/lib/gcc/x86_64-redhat-linux/4.7.2/../../../../lib64/:/lib/../lib64/:/usr/lib/../lib64/:/usr/lib/gcc/x86_64-redhat-linux/4.7.2/../../../:/lib/:/usr/lib/]
  ignore line: [COLLECT_GCC_OPTIONS='-v' '-o' 'cmTryCompileExec812926249' '-rdynamic' '-mtune=generic' '-march=x86-64']
  link line: [ /usr/libexec/gcc/x86_64-redhat-linux/4.7.2/collect2 --build-id --no-add-needed --eh-frame-hdr --hash-style=gnu -m elf_x86_64 -export-dynamic -dynamic-linker /lib64/ld-linux-x86-64.so.2 -o cmTryCompileExec812926249 /usr/lib/gcc/x86_64-redhat-linux/4.7.2/../../../../lib64/crt1.o /usr/lib/gcc/x86_64-redhat-linux/4.7.2/../../../../lib64/crti.o /usr/lib/gcc/x86_64-redhat-linux/4.7.2/crtbegin.o -L/usr/lib/gcc/x86_64-redhat-linux/4.7.2 -L/usr/lib/gcc/x86_64-redhat-linux/4.7.2/../../../../lib64 -L/lib/../lib64 -L/usr/lib/../lib64 -L/usr/lib/gcc/x86_64-redhat-linux/4.7.2/../../.. CMakeFiles/cmTryCompileExec812926249.dir/CMakeCCompilerABI.c.o -lgcc --as-needed -lgcc_s --no-as-needed -lc -lgcc --as-needed -lgcc_s --no-as-needed /usr/lib/gcc/x86_64-redhat-linux/4.7.2/crtend.o /usr/lib/gcc/x86_64-redhat-linux/4.7.2/../../../../lib64/crtn.o]
    arg [/usr/libexec/gcc/x86_64-redhat-linux/4.7.2/collect2] ==> ignore
    arg [--build-id] ==> ignore
    arg [--no-add-needed] ==> ignore
    arg [--eh-frame-hdr] ==> ignore
    arg [--hash-style=gnu] ==> ignore
    arg [-m] ==> ignore
    arg [elf_x86_64] ==> ignore
    arg [-export-dynamic] ==> ignore
    arg [-dynamic-linker] ==> ignore
    arg [/lib64/ld-linux-x86-64.so.2] ==> ignore
    arg [-o] ==> ignore
    arg [cmTryCompileExec812926249] ==> ignore
    arg [/usr/lib/gcc/x86_64-redhat-linux/4.7.2/../../../../lib64/crt1.o] ==> ignore
    arg [/usr/lib/gcc/x86_64-redhat-linux/4.7.2/../../../../lib64/crti.o] ==> ignore
    arg [/usr/lib/gcc/x86_64-redhat-linux/4.7.2/crtbegin.o] ==> ignore
    arg [-L/usr/lib/gcc/x86_64-redhat-linux/4.7.2] ==> dir [/usr/lib/gcc/x86_64-redhat-linux/4.7.2]
    arg [-L/usr/lib/gcc/x86_64-redhat-linux/4.7.2/../../../../lib64] ==> dir [/usr/lib/gcc/x86_64-redhat-linux/4.7.2/../../../../lib64]
    arg [-L/lib/../lib64] ==> dir [/lib/../lib64]
    arg [-L/usr/lib/../lib64] ==> dir [/usr/lib/../lib64]
    arg [-L/usr/lib/gcc/x86_64-redhat-linux/4.7.2/../../..] ==> dir [/usr/lib/gcc/x86_64-redhat-linux/4.7.2/../../..]
    arg [CMakeFiles/cmTryCompileExec812926249.dir/CMakeCCompilerABI.c.o] ==> ignore
    arg [-lgcc] ==> lib [gcc]
    arg [--as-needed] ==> ignore
    arg [-lgcc_s] ==> lib [gcc_s]
    arg [--no-as-needed] ==> ignore
    arg [-lc] ==> lib [c]
    arg [-lgcc] ==> lib [gcc]
    arg [--as-needed] ==> ignore
    arg [-lgcc_s] ==> lib [gcc_s]
    arg [--no-as-needed] ==> ignore
    arg [/usr/lib/gcc/x86_64-redhat-linux/4.7.2/crtend.o] ==> ignore
    arg [/usr/lib/gcc/x86_64-redhat-linux/4.7.2/../../../../lib64/crtn.o] ==> ignore
  remove lib [gcc]
  remove lib [gcc_s]
  remove lib [gcc]
  remove lib [gcc_s]
  collapse dir [/usr/lib/gcc/x86_64-redhat-linux/4.7.2] ==> [/usr/lib/gcc/x86_64-redhat-linux/4.7.2]
  collapse dir [/usr/lib/gcc/x86_64-redhat-linux/4.7.2/../../../../lib64] ==> [/usr/lib64]
  collapse dir [/lib/../lib64] ==> [/lib64]
  collapse dir [/usr/lib/../lib64] ==> [/usr/lib64]
  collapse dir [/usr/lib/gcc/x86_64-redhat-linux/4.7.2/../../..] ==> [/usr/lib]
  implicit libs: [c]
  implicit dirs: [/usr/lib/gcc/x86_64-redhat-linux/4.7.2;/usr/lib64;/lib64;/usr/lib]


Determining if the CXX compiler works passed with the following output:
Change Dir: /home/cgardner/sandbox/ettus_latency/build/CMakeFiles/CMakeTmp

Run Build Command:/usr/bin/gmake "cmTryCompileExec3547901354/fast"
/usr/bin/gmake -f CMakeFiles/cmTryCompileExec3547901354.dir/build.make CMakeFiles/cmTryCompileExec3547901354.dir/build
gmake[1]: Entering directory `/home/cgardner/sandbox/ettus_latency/build/CMakeFiles/CMakeTmp'
/usr/bin/cmake -E cmake_progress_report /home/cgardner/sandbox/ettus_latency/build/CMakeFiles/CMakeTmp/CMakeFiles 1
Building CXX object CMakeFiles/cmTryCompileExec3547901354.dir/testCXXCompiler.cxx.o
/usr/lib64/ccache/c++     -o CMakeFiles/cmTryCompileExec3547901354.dir/testCXXCompiler.cxx.o -c /home/cgardner/sandbox/ettus_latency/build/CMakeFiles/CMakeTmp/testCXXCompiler.cxx
Linking CXX executable cmTryCompileExec3547901354
/usr/bin/cmake -E cmake_link_script CMakeFiles/cmTryCompileExec3547901354.dir/link.txt --verbose=1
/usr/lib64/ccache/c++          CMakeFiles/cmTryCompileExec3547901354.dir/testCXXCompiler.cxx.o  -o cmTryCompileExec3547901354 -rdynamic 
gmake[1]: Leaving directory `/home/cgardner/sandbox/ettus_latency/build/CMakeFiles/CMakeTmp'


Detecting CXX compiler ABI info compiled with the following output:
Change Dir: /home/cgardner/sandbox/ettus_latency/build/CMakeFiles/CMakeTmp

Run Build Command:/usr/bin/gmake "cmTryCompileExec3701874774/fast"
/usr/bin/gmake -f CMakeFiles/cmTryCompileExec3701874774.dir/build.make CMakeFiles/cmTryCompileExec3701874774.dir/build
gmake[1]: Entering directory `/home/cgardner/sandbox/ettus_latency/build/CMakeFiles/CMakeTmp'
/usr/bin/cmake -E cmake_progress_report /home/cgardner/sandbox/ettus_latency/build/CMakeFiles/CMakeTmp/CMakeFiles 1
Building CXX object CMakeFiles/cmTryCompileExec3701874774.dir/CMakeCXXCompilerABI.cpp.o
/usr/lib64/ccache/c++     -o CMakeFiles/cmTryCompileExec3701874774.dir/CMakeCXXCompilerABI.cpp.o -c /usr/share/cmake/Modules/CMakeCXXCompilerABI.cpp
Linking CXX executable cmTryCompileExec3701874774
/usr/bin/cmake -E cmake_link_script CMakeFiles/cmTryCompileExec3701874774.dir/link.txt --verbose=1
/usr/lib64/ccache/c++        -v CMakeFiles/cmTryCompileExec3701874774.dir/CMakeCXXCompilerABI.cpp.o  -o cmTryCompileExec3701874774 -rdynamic  
Using built-in specs.
COLLECT_GCC=/usr/bin/c++
COLLECT_LTO_WRAPPER=/usr/libexec/gcc/x86_64-redhat-linux/4.7.2/lto-wrapper
Target: x86_64-redhat-linux
Configured with: ../configure --prefix=/usr --mandir=/usr/share/man --infodir=/usr/share/info --with-bugurl=http://bugzilla.redhat.com/bugzilla --enable-bootstrap --enable-shared --enable-threads=posix --enable-checking=release --disable-build-with-cxx --disable-build-poststage1-with-cxx --with-system-zlib --enable-__cxa_atexit --disable-libunwind-exceptions --enable-gnu-unique-object --enable-linker-build-id --with-linker-hash-style=gnu --enable-languages=c,c++,objc,obj-c++,java,fortran,ada,go,lto --enable-plugin --enable-initfini-array --enable-java-awt=gtk --disable-dssi --with-java-home=/usr/lib/jvm/java-1.5.0-gcj-1.5.0.0/jre --enable-libgcj-multifile --enable-java-maintainer-mode --with-ecj-jar=/usr/share/java/eclipse-ecj.jar --disable-libjava-multilib --with-ppl --with-cloog --with-tune=generic --with-arch_32=i686 --build=x86_64-redhat-linux
Thread model: posix
gcc version 4.7.2 20120921 (Red Hat 4.7.2-2) (GCC) 
COMPILER_PATH=/usr/libexec/gcc/x86_64-redhat-linux/4.7.2/:/usr/libexec/gcc/x86_64-redhat-linux/4.7.2/:/usr/libexec/gcc/x86_64-redhat-linux/:/usr/lib/gcc/x86_64-redhat-linux/4.7.2/:/usr/lib/gcc/x86_64-redhat-linux/
LIBRARY_PATH=/usr/lib/gcc/x86_64-redhat-linux/4.7.2/:/usr/lib/gcc/x86_64-redhat-linux/4.7.2/../../../../lib64/:/lib/../lib64/:/usr/lib/../lib64/:/usr/lib/gcc/x86_64-redhat-linux/4.7.2/../../../:/lib/:/usr/lib/
COLLECT_GCC_OPTIONS='-v' '-o' 'cmTryCompileExec3701874774' '-rdynamic' '-shared-libgcc' '-mtune=generic' '-march=x86-64'
 /usr/libexec/gcc/x86_64-redhat-linux/4.7.2/collect2 --build-id --no-add-needed --eh-frame-hdr --hash-style=gnu -m elf_x86_64 -export-dynamic -dynamic-linker /lib64/ld-linux-x86-64.so.2 -o cmTryCompileExec3701874774 /usr/lib/gcc/x86_64-redhat-linux/4.7.2/../../../../lib64/crt1.o /usr/lib/gcc/x86_64-redhat-linux/4.7.2/../../../../lib64/crti.o /usr/lib/gcc/x86_64-redhat-linux/4.7.2/crtbegin.o -L/usr/lib/gcc/x86_64-redhat-linux/4.7.2 -L/usr/lib/gcc/x86_64-redhat-linux/4.7.2/../../../../lib64 -L/lib/../lib64 -L/usr/lib/../lib64 -L/usr/lib/gcc/x86_64-redhat-linux/4.7.2/../../.. CMakeFiles/cmTryCompileExec3701874774.dir/CMakeCXXCompilerABI.cpp.o -lstdc++ -lm -lgcc_s -lgcc -lc -lgcc_s -lgcc /usr/lib/gcc/x86_64-redhat-linux/4.7.2/crtend.o /usr/lib/gcc/x86_64-redhat-linux/4.7.2/../../../../lib64/crtn.o
gmake[1]: Leaving directory `/home/cgardner/sandbox/ettus_latency/build/CMakeFiles/CMakeTmp'


Parsed CXX implicit link information from above output:
  link line regex: [^( *|.*[/\])(ld|ld|collect2)[^/\]*( |$)]
  ignore line: [Change Dir: /home/cgardner/sandbox/ettus_latency/build/CMakeFiles/CMakeTmp]
  ignore line: []
  ignore line: [Run Build Command:/usr/bin/gmake "cmTryCompileExec3701874774/fast"]
  ignore line: [/usr/bin/gmake -f CMakeFiles/cmTryCompileExec3701874774.dir/build.make CMakeFiles/cmTryCompileExec3701874774.dir/build]
  ignore line: [gmake[1]: Entering directory `/home/cgardner/sandbox/ettus_latency/build/CMakeFiles/CMakeTmp']
  ignore line: [/usr/bin/cmake -E cmake_progress_report /home/cgardner/sandbox/ettus_latency/build/CMakeFiles/CMakeTmp/CMakeFiles 1]
  ignore line: [Building CXX object CMakeFiles/cmTryCompileExec3701874774.dir/CMakeCXXCompilerABI.cpp.o]
  ignore line: [/usr/lib64/ccache/c++     -o CMakeFiles/cmTryCompileExec3701874774.dir/CMakeCXXCompilerABI.cpp.o -c /usr/share/cmake/Modules/CMakeCXXCompilerABI.cpp]
  ignore line: [Linking CXX executable cmTryCompileExec3701874774]
  ignore line: [/usr/bin/cmake -E cmake_link_script CMakeFiles/cmTryCompileExec3701874774.dir/link.txt --verbose=1]
  ignore line: [/usr/lib64/ccache/c++        -v CMakeFiles/cmTryCompileExec3701874774.dir/CMakeCXXCompilerABI.cpp.o  -o cmTryCompileExec3701874774 -rdynamic  ]
  ignore line: [Using built-in specs.]
  ignore line: [COLLECT_GCC=/usr/bin/c++]
  ignore line: [COLLECT_LTO_WRAPPER=/usr/libexec/gcc/x86_64-redhat-linux/4.7.2/lto-wrapper]
  ignore line: [Target: x86_64-redhat-linux]
  ignore line: [Configured with: ../configure --prefix=/usr --mandir=/usr/share/man --infodir=/usr/share/info --with-bugurl=http://bugzilla.redhat.com/bugzilla --enable-bootstrap --enable-shared --enable-threads=posix --enable-checking=release --disable-build-with-cxx --disable-build-poststage1-with-cxx --with-system-zlib --enable-__cxa_atexit --disable-libunwind-exceptions --enable-gnu-unique-object --enable-linker-build-id --with-linker-hash-style=gnu --enable-languages=c,c++,objc,obj-c++,java,fortran,ada,go,lto --enable-plugin --enable-initfini-array --enable-java-awt=gtk --disable-dssi --with-java-home=/usr/lib/jvm/java-1.5.0-gcj-1.5.0.0/jre --enable-libgcj-multifile --enable-java-maintainer-mode --with-ecj-jar=/usr/share/java/eclipse-ecj.jar --disable-libjava-multilib --with-ppl --with-cloog --with-tune=generic --with-arch_32=i686 --build=x86_64-redhat-linux]
  ignore line: [Thread model: posix]
  ignore line: [gcc version 4.7.2 20120921 (Red Hat 4.7.2-2) (GCC) ]
  ignore line: [COMPILER_PATH=/usr/libexec/gcc/x86_64-redhat-linux/4.7.2/:/usr/libexec/gcc/x86_64-redhat-linux/4.7.2/:/usr/libexec/gcc/x86_64-redhat-linux/:/usr/lib/gcc/x86_64-redhat-linux/4.7.2/:/usr/lib/gcc/x86_64-redhat-linux/]
  ignore line: [LIBRARY_PATH=/usr/lib/gcc/x86_64-redhat-linux/4.7.2/:/usr/lib/gcc/x86_64-redhat-linux/4.7.2/../../../../lib64/:/lib/../lib64/:/usr/lib/../lib64/:/usr/lib/gcc/x86_64-redhat-linux/4.7.2/../../../:/lib/:/usr/lib/]
  ignore line: [COLLECT_GCC_OPTIONS='-v' '-o' 'cmTryCompileExec3701874774' '-rdynamic' '-shared-libgcc' '-mtune=generic' '-march=x86-64']
  link line: [ /usr/libexec/gcc/x86_64-redhat-linux/4.7.2/collect2 --build-id --no-add-needed --eh-frame-hdr --hash-style=gnu -m elf_x86_64 -export-dynamic -dynamic-linker /lib64/ld-linux-x86-64.so.2 -o cmTryCompileExec3701874774 /usr/lib/gcc/x86_64-redhat-linux/4.7.2/../../../../lib64/crt1.o /usr/lib/gcc/x86_64-redhat-linux/4.7.2/../../../../lib64/crti.o /usr/lib/gcc/x86_64-redhat-linux/4.7.2/crtbegin.o -L/usr/lib/gcc/x86_64-redhat-linux/4.7.2 -L/usr/lib/gcc/x86_64-redhat-linux/4.7.2/../../../../lib64 -L/lib/../lib64 -L/usr/lib/../lib64 -L/usr/lib/gcc/x86_64-redhat-linux/4.7.2/../../.. CMakeFiles/cmTryCompileExec3701874774.dir/CMakeCXXCompilerABI.cpp.o -lstdc++ -lm -lgcc_s -lgcc -lc -lgcc_s -lgcc /usr/lib/gcc/x86_64-redhat-linux/4.7.2/crtend.o /usr/lib/gcc/x86_64-redhat-linux/4.7.2/../../../../lib64/crtn.o]
    arg [/usr/libexec/gcc/x86_64-redhat-linux/4.7.2/collect2] ==> ignore
    arg [--build-id] ==> ignore
    arg [--no-add-needed] ==> ignore
    arg [--eh-frame-hdr] ==> ignore
    arg [--hash-style=gnu] ==> ignore
    arg [-m] ==> ignore
    arg [elf_x86_64] ==> ignore
    arg [-export-dynamic] ==> ignore
    arg [-dynamic-linker] ==> ignore
    arg [/lib64/ld-linux-x86-64.so.2] ==> ignore
    arg [-o] ==> ignore
    arg [cmTryCompileExec3701874774] ==> ignore
    arg [/usr/lib/gcc/x86_64-redhat-linux/4.7.2/../../../../lib64/crt1.o] ==> ignore
    arg [/usr/lib/gcc/x86_64-redhat-linux/4.7.2/../../../../lib64/crti.o] ==> ignore
    arg [/usr/lib/gcc/x86_64-redhat-linux/4.7.2/crtbegin.o] ==> ignore
    arg [-L/usr/lib/gcc/x86_64-redhat-linux/4.7.2] ==> dir [/usr/lib/gcc/x86_64-redhat-linux/4.7.2]
    arg [-L/usr/lib/gcc/x86_64-redhat-linux/4.7.2/../../../../lib64] ==> dir [/usr/lib/gcc/x86_64-redhat-linux/4.7.2/../../../../lib64]
    arg [-L/lib/../lib64] ==> dir [/lib/../lib64]
    arg [-L/usr/lib/../lib64] ==> dir [/usr/lib/../lib64]
    arg [-L/usr/lib/gcc/x86_64-redhat-linux/4.7.2/../../..] ==> dir [/usr/lib/gcc/x86_64-redhat-linux/4.7.2/../../..]
    arg [CMakeFiles/cmTryCompileExec3701874774.dir/CMakeCXXCompilerABI.cpp.o] ==> ignore
    arg [-lstdc++] ==> lib [stdc++]
    arg [-lm] ==> lib [m]
    arg [-lgcc_s] ==> lib [gcc_s]
    arg [-lgcc] ==> lib [gcc]
    arg [-lc] ==> lib [c]
    arg [-lgcc_s] ==> lib [gcc_s]
    arg [-lgcc] ==> lib [gcc]
    arg [/usr/lib/gcc/x86_64-redhat-linux/4.7.2/crtend.o] ==> ignore
    arg [/usr/lib/gcc/x86_64-redhat-linux/4.7.2/../../../../lib64/crtn.o] ==> ignore
  remove lib [gcc_s]
  remove lib [gcc]
  remove lib [gcc_s]
  remove lib [gcc]
  collapse dir [/usr/lib/gcc/x86_64-redhat-linux/4.7.2] ==> [/usr/lib/gcc/x86_64-redhat-linux/4.7.2]
  collapse dir [/usr/lib/gcc/x86_64-redhat-linux/4.7.2/../../../../lib64] ==> [/usr/lib64]
  collapse dir [/lib/../lib64] ==> [/lib64]
  collapse dir [/usr/lib/../lib64] ==> [/usr/lib64]
  collapse dir [/usr/lib/gcc/x86_64-redhat-linux/4.7.2/../../..] ==> [/usr/lib]
  implicit libs: [stdc++;m;c]
  implicit dirs: [/usr/lib/gcc/x86_64-redhat-linux/4.7.2;/usr/lib64;/lib64;/usr/lib]


The system is: Linux - 3.6.7-4.fc17.x86_64 - x86_64
Compiling the C compiler identification source file "CMakeCCompilerId.c" succeeded.
Compiler: /usr/lib64/ccache/gcc 
Build flags: 
Id flags: 

The output was:
0


Compilation of the C compiler identification source "CMakeCCompilerId.c" produced "a.out"

The C compiler identification is GNU, found in "/home/cgardner/sandbox/ettus_latency/build/CMakeFiles/CompilerIdC/a.out"

Compiling the CXX compiler identification source file "CMakeCXXCompilerId.cpp" succeeded.
Compiler: /usr/lib64/ccache/c++ 
Build flags: 
Id flags: 

The output was:
0


Compilation of the CXX compiler identification source "CMakeCXXCompilerId.cpp" produced "a.out"

The CXX compiler identification is GNU, found in "/home/cgardner/sandbox/ettus_latency/build/CMakeFiles/CompilerIdCXX/a.out"

Determining if the C compiler works passed with the following output:
Change Dir: /home/cgardner/sandbox/ettus_latency/build/CMakeFiles/CMakeTmp

Run Build Command:/usr/bin/gmake "cmTryCompileExec2817045887/fast"
gmake[1]: Entering directory `/home/cgardner/sandbox/ettus_latency/build/CMakeFiles/CMakeTmp'
/usr/bin/gmake -f CMakeFiles/cmTryCompileExec2817045887.dir/build.make CMakeFiles/cmTryCompileExec2817045887.dir/build
gmake[2]: Entering directory `/home/cgardner/sandbox/ettus_latency/build/CMakeFiles/CMakeTmp'
/usr/bin/cmake -E cmake_progress_report /home/cgardner/sandbox/ettus_latency/build/CMakeFiles/CMakeTmp/CMakeFiles 1
Building C object CMakeFiles/cmTryCompileExec2817045887.dir/testCCompiler.c.o
/usr/lib64/ccache/gcc    -o CMakeFiles/cmTryCompileExec2817045887.dir/testCCompiler.c.o   -c /home/cgardner/sandbox/ettus_latency/build/CMakeFiles/CMakeTmp/testCCompiler.c
Linking C executable cmTryCompileExec2817045887
/usr/bin/cmake -E cmake_link_script CMakeFiles/cmTryCompileExec2817045887.dir/link.txt --verbose=1
/usr/lib64/ccache/gcc         CMakeFiles/cmTryCompileExec2817045887.dir/testCCompiler.c.o  -o cmTryCompileExec2817045887 -rdynamic 
gmake[2]: Leaving directory `/home/cgardner/sandbox/ettus_latency/build/CMakeFiles/CMakeTmp'
gmake[1]: Leaving directory `/home/cgardner/sandbox/ettus_latency/build/CMakeFiles/CMakeTmp'


Detecting C compiler ABI info compiled with the following output:
Change Dir: /home/cgardner/sandbox/ettus_latency/build/CMakeFiles/CMakeTmp

Run Build Command:/usr/bin/gmake "cmTryCompileExec29917302/fast"
gmake[1]: Entering directory `/home/cgardner/sandbox/ettus_latency/build/CMakeFiles/CMakeTmp'
/usr/bin/gmake -f CMakeFiles/cmTryCompileExec29917302.dir/build.make CMakeFiles/cmTryCompileExec29917302.dir/build
gmake[2]: Entering directory `/home/cgardner/sandbox/ettus_latency/build/CMakeFiles/CMakeTmp'
/usr/bin/cmake -E cmake_progress_report /home/cgardner/sandbox/ettus_latency/build/CMakeFiles/CMakeTmp/CMakeFiles 1
Building C object CMakeFiles/cmTryCompileExec29917302.dir/CMakeCCompilerABI.c.o
/usr/lib64/ccache/gcc    -o CMakeFiles/cmTryCompileExec29917302.dir/CMakeCCompilerABI.c.o   -c /usr/share/cmake/Modules/CMakeCCompilerABI.c
Linking C executable cmTryCompileExec29917302
/usr/bin/cmake -E cmake_link_script CMakeFiles/cmTryCompileExec29917302.dir/link.txt --verbose=1
/usr/lib64/ccache/gcc       -v CMakeFiles/cmTryCompileExec29917302.dir/CMakeCCompilerABI.c.o  -o cmTryCompileExec29917302 -rdynamic  
Using built-in specs.
COLLECT_GCC=/usr/bin/gcc
COLLECT_LTO_WRAPPER=/usr/libexec/gcc/x86_64-redhat-linux/4.7.2/lto-wrapper
Target: x86_64-redhat-linux
Configured with: ../configure --prefix=/usr --mandir=/usr/share/man --infodir=/usr/share/info --with-bugurl=http://bugzilla.redhat.com/bugzilla --enable-bootstrap --enable-shared --enable-threads=posix --enable-checking=release --disable-build-with-cxx --disable-build-poststage1-with-cxx --with-system-zlib --enable-__cxa_atexit --disable-libunwind-exceptions --enable-gnu-unique-object --enable-linker-build-id --with-linker-hash-style=gnu --enable-languages=c,c++,objc,obj-c++,java,fortran,ada,go,lto --enable-plugin --enable-initfini-array --enable-java-awt=gtk --disable-dssi --with-java-home=/usr/lib/jvm/java-1.5.0-gcj-1.5.0.0/jre --enable-libgcj-multifile --enable-java-maintainer-mode --with-ecj-jar=/usr/share/java/eclipse-ecj.jar --disable-libjava-multilib --with-ppl --with-cloog --with-tune=generic --with-arch_32=i686 --build=x86_64-redhat-linux
Thread model: posix
gcc version 4.7.2 20120921 (Red Hat 4.7.2-2) (GCC) 
COMPILER_PATH=/usr/libexec/gcc/x86_64-redhat-linux/4.7.2/:/usr/libexec/gcc/x86_64-redhat-linux/4.7.2/:/usr/libexec/gcc/x86_64-redhat-linux/:/usr/lib/gcc/x86_64-redhat-linux/4.7.2/:/usr/lib/gcc/x86_64-redhat-linux/
LIBRARY_PATH=/usr/lib/gcc/x86_64-redhat-linux/4.7.2/:/usr/lib/gcc/x86_64-redhat-linux/4.7.2/../../../../lib64/:/lib/../lib64/:/usr/lib/../lib64/:/usr/lib/gcc/x86_64-redhat-linux/4.7.2/../../../:/lib/:/usr/lib/
COLLECT_GCC_OPTIONS='-v' '-o' 'cmTryCompileExec29917302' '-rdynamic' '-mtune=generic' '-march=x86-64'
 /usr/libexec/gcc/x86_64-redhat-linux/4.7.2/collect2 --build-id --no-add-needed --eh-frame-hdr --hash-style=gnu -m elf_x86_64 -export-dynamic -dynamic-linker /lib64/ld-linux-x86-64.so.2 -o cmTryCompileExec29917302 /usr/lib/gcc/x86_64-redhat-linux/4.7.2/../../../../lib64/crt1.o /usr/lib/gcc/x86_64-redhat-linux/4.7.2/../../../../lib64/crti.o /usr/lib/gcc/x86_64-redhat-linux/4.7.2/crtbegin.o -L/usr/lib/gcc/x86_64-redhat-linux/4.7.2 -L/usr/lib/gcc/x86_64-redhat-linux/4.7.2/../../../../lib64 -L/lib/../lib64 -L/usr/lib/../lib64 -L/usr/lib/gcc/x86_64-redhat-linux/4.7.2/../../.. CMakeFiles/cmTryCompileExec29917302.dir/CMakeCCompilerABI.c.o -lgcc --as-needed -lgcc_s --no-as-needed -lc -lgcc --as-needed -lgcc_s --no-as-needed /usr/lib/gcc/x86_64-redhat-linux/4.7.2/crtend.o /usr/lib/gcc/x86_64-redhat-linux/4.7.2/../../../../lib64/crtn.o
gmake[2]: Leaving directory `/home/cgardner/sandbox/ettus_latency/build/CMakeFiles/CMakeTmp'
gmake[1]: Leaving directory `/home/cgardner/sandbox/ettus_latency/build/CMakeFiles/CMakeTmp'


Parsed C implicit link information from above output:
  link line regex: [^( *|.*[/\])(ld|ld|collect2)[^/\]*( |$)]
  ignore line: [Change Dir: /home/cgardner/sandbox/ettus_latency/build/CMakeFiles/CMakeTmp]
  ignore line: []
  ignore line: [Run Build Command:/usr/bin/gmake "cmTryCompileExec29917302/fast"]
  ignore line: [gmake[1]: Entering directory `/home/cgardner/sandbox/ettus_latency/build/CMakeFiles/CMakeTmp']
  ignore line: [/usr/bin/gmake -f CMakeFiles/cmTryCompileExec29917302.dir/build.make CMakeFiles/cmTryCompileExec29917302.dir/build]
  ignore line: [gmake[2]: Entering directory `/home/cgardner/sandbox/ettus_latency/build/CMakeFiles/CMakeTmp']
  ignore line: [/usr/bin/cmake -E cmake_progress_report /home/cgardner/sandbox/ettus_latency/build/CMakeFiles/CMakeTmp/CMakeFiles 1]
  ignore line: [Building C object CMakeFiles/cmTryCompileExec29917302.dir/CMakeCCompilerABI.c.o]
  ignore line: [/usr/lib64/ccache/gcc    -o CMakeFiles/cmTryCompileExec29917302.dir/CMakeCCompilerABI.c.o   -c /usr/share/cmake/Modules/CMakeCCompilerABI.c]
  ignore line: [Linking C executable cmTryCompileExec29917302]
  ignore line: [/usr/bin/cmake -E cmake_link_script CMakeFiles/cmTryCompileExec29917302.dir/link.txt --verbose=1]
  ignore line: [/usr/lib64/ccache/gcc       -v CMakeFiles/cmTryCompileExec29917302.dir/CMakeCCompilerABI.c.o  -o cmTryCompileExec29917302 -rdynamic  ]
  ignore line: [Using built-in specs.]
  ignore line: [COLLECT_GCC=/usr/bin/gcc]
  ignore line: [COLLECT_LTO_WRAPPER=/usr/libexec/gcc/x86_64-redhat-linux/4.7.2/lto-wrapper]
  ignore line: [Target: x86_64-redhat-linux]
  ignore line: [Configured with: ../configure --prefix=/usr --mandir=/usr/share/man --infodir=/usr/share/info --with-bugurl=http://bugzilla.redhat.com/bugzilla --enable-bootstrap --enable-shared --enable-threads=posix --enable-checking=release --disable-build-with-cxx --disable-build-poststage1-with-cxx --with-system-zlib --enable-__cxa_atexit --disable-libunwind-exceptions --enable-gnu-unique-object --enable-linker-build-id --with-linker-hash-style=gnu --enable-languages=c,c++,objc,obj-c++,java,fortran,ada,go,lto --enable-plugin --enable-initfini-array --enable-java-awt=gtk --disable-dssi --with-java-home=/usr/lib/jvm/java-1.5.0-gcj-1.5.0.0/jre --enable-libgcj-multifile --enable-java-maintainer-mode --with-ecj-jar=/usr/share/java/eclipse-ecj.jar --disable-libjava-multilib --with-ppl --with-cloog --with-tune=generic --with-arch_32=i686 --build=x86_64-redhat-linux]
  ignore line: [Thread model: posix]
  ignore line: [gcc version 4.7.2 20120921 (Red Hat 4.7.2-2) (GCC) ]
  ignore line: [COMPILER_PATH=/usr/libexec/gcc/x86_64-redhat-linux/4.7.2/:/usr/libexec/gcc/x86_64-redhat-linux/4.7.2/:/usr/libexec/gcc/x86_64-redhat-linux/:/usr/lib/gcc/x86_64-redhat-linux/4.7.2/:/usr/lib/gcc/x86_64-redhat-linux/]
  ignore line: [LIBRARY_PATH=/usr/lib/gcc/x86_64-redhat-linux/4.7.2/:/usr/lib/gcc/x86_64-redhat-linux/4.7.2/../../../../lib64/:/lib/../lib64/:/usr/lib/../lib64/:/usr/lib/gcc/x86_64-redhat-linux/4.7.2/../../../:/lib/:/usr/lib/]
  ignore line: [COLLECT_GCC_OPTIONS='-v' '-o' 'cmTryCompileExec29917302' '-rdynamic' '-mtune=generic' '-march=x86-64']
  link line: [ /usr/libexec/gcc/x86_64-redhat-linux/4.7.2/collect2 --build-id --no-add-needed --eh-frame-hdr --hash-style=gnu -m elf_x86_64 -export-dynamic -dynamic-linker /lib64/ld-linux-x86-64.so.2 -o cmTryCompileExec29917302 /usr/lib/gcc/x86_64-redhat-linux/4.7.2/../../../../lib64/crt1.o /usr/lib/gcc/x86_64-redhat-linux/4.7.2/../../../../lib64/crti.o /usr/lib/gcc/x86_64-redhat-linux/4.7.2/crtbegin.o -L/usr/lib/gcc/x86_64-redhat-linux/4.7.2 -L/usr/lib/gcc/x86_64-redhat-linux/4.7.2/../../../../lib64 -L/lib/../lib64 -L/usr/lib/../lib64 -L/usr/lib/gcc/x86_64-redhat-linux/4.7.2/../../.. CMakeFiles/cmTryCompileExec29917302.dir/CMakeCCompilerABI.c.o -lgcc --as-needed -lgcc_s --no-as-needed -lc -lgcc --as-needed -lgcc_s --no-as-needed /usr/lib/gcc/x86_64-redhat-linux/4.7.2/crtend.o /usr/lib/gcc/x86_64-redhat-linux/4.7.2/../../../../lib64/crtn.o]
    arg [/usr/libexec/gcc/x86_64-redhat-linux/4.7.2/collect2] ==> ignore
    arg [--build-id] ==> ignore
    arg [--no-add-needed] ==> ignore
    arg [--eh-frame-hdr] ==> ignore
    arg [--hash-style=gnu] ==> ignore
    arg [-m] ==> ignore
    arg [elf_x86_64] ==> ignore
    arg [-export-dynamic] ==> ignore
    arg [-dynamic-linker] ==> ignore
    arg [/lib64/ld-linux-x86-64.so.2] ==> ignore
    arg [-o] ==> ignore
    arg [cmTryCompileExec29917302] ==> ignore
    arg [/usr/lib/gcc/x86_64-redhat-linux/4.7.2/../../../../lib64/crt1.o] ==> ignore
    arg [/usr/lib/gcc/x86_64-redhat-linux/4.7.2/../../../../lib64/crti.o] ==> ignore
    arg [/usr/lib/gcc/x86_64-redhat-linux/4.7.2/crtbegin.o] ==> ignore
    arg [-L/usr/lib/gcc/x86_64-redhat-linux/4.7.2] ==> dir [/usr/lib/gcc/x86_64-redhat-linux/4.7.2]
    arg [-L/usr/lib/gcc/x86_64-redhat-linux/4.7.2/../../../../lib64] ==> dir [/usr/lib/gcc/x86_64-redhat-linux/4.7.2/../../../../lib64]
    arg [-L/lib/../lib64] ==> dir [/lib/../lib64]
    arg [-L/usr/lib/../lib64] ==> dir [/usr/lib/../lib64]
    arg [-L/usr/lib/gcc/x86_64-redhat-linux/4.7.2/../../..] ==> dir [/usr/lib/gcc/x86_64-redhat-linux/4.7.2/../../..]
    arg [CMakeFiles/cmTryCompileExec29917302.dir/CMakeCCompilerABI.c.o] ==> ignore
    arg [-lgcc] ==> lib [gcc]
    arg [--as-needed] ==> ignore
    arg [-lgcc_s] ==> lib [gcc_s]
    arg [--no-as-needed] ==> ignore
    arg [-lc] ==> lib [c]
    arg [-lgcc] ==> lib [gcc]
    arg [--as-needed] ==> ignore
    arg [-lgcc_s] ==> lib [gcc_s]
    arg [--no-as-needed] ==> ignore
    arg [/usr/lib/gcc/x86_64-redhat-linux/4.7.2/crtend.o] ==> ignore
    arg [/usr/lib/gcc/x86_64-redhat-linux/4.7.2/../../../../lib64/crtn.o] ==> ignore
  remove lib [gcc]
  remove lib [gcc_s]
  remove lib [gcc]
  remove lib [gcc_s]
  collapse dir [/usr/lib/gcc/x86_64-redhat-linux/4.7.2] ==> [/usr/lib/gcc/x86_64-redhat-linux/4.7.2]
  collapse dir [/usr/lib/gcc/x86_64-redhat-linux/4.7.2/../../../../lib64] ==> [/usr/lib64]
  collapse dir [/lib/../lib64] ==> [/lib64]
  collapse dir [/usr/lib/../lib64] ==> [/usr/lib64]
  collapse dir [/usr/lib/gcc/x86_64-redhat-linux/4.7.2/../../..] ==> [/usr/lib]
  implicit libs: [c]
  implicit dirs: [/usr/lib/gcc/x86_64-redhat-linux/4.7.2;/usr/lib64;/lib64;/usr/lib]


Determining if the CXX compiler works passed with the following output:
Change Dir: /home/cgardner/sandbox/ettus_latency/build/CMakeFiles/CMakeTmp

Run Build Command:/usr/bin/gmake "cmTryCompileExec1176181103/fast"
gmake[1]: Entering directory `/home/cgardner/sandbox/ettus_latency/build/CMakeFiles/CMakeTmp'
/usr/bin/gmake -f CMakeFiles/cmTryCompileExec1176181103.dir/build.make CMakeFiles/cmTryCompileExec1176181103.dir/build
gmake[2]: Entering directory `/home/cgardner/sandbox/ettus_latency/build/CMakeFiles/CMakeTmp'
/usr/bin/cmake -E cmake_progress_report /home/cgardner/sandbox/ettus_latency/build/CMakeFiles/CMakeTmp/CMakeFiles 1
Building CXX object CMakeFiles/cmTryCompileExec1176181103.dir/testCXXCompiler.cxx.o
/usr/lib64/ccache/c++     -o CMakeFiles/cmTryCompileExec1176181103.dir/testCXXCompiler.cxx.o -c /home/cgardner/sandbox/ettus_latency/build/CMakeFiles/CMakeTmp/testCXXCompiler.cxx
Linking CXX executable cmTryCompileExec1176181103
/usr/bin/cmake -E cmake_link_script CMakeFiles/cmTryCompileExec1176181103.dir/link.txt --verbose=1
/usr/lib64/ccache/c++          CMakeFiles/cmTryCompileExec1176181103.dir/testCXXCompiler.cxx.o  -o cmTryCompileExec1176181103 -rdynamic 
gmake[2]: Leaving directory `/home/cgardner/sandbox/ettus_latency/build/CMakeFiles/CMakeTmp'
gmake[1]: Leaving directory `/home/cgardner/sandbox/ettus_latency/build/CMakeFiles/CMakeTmp'


Detecting CXX compiler ABI info compiled with the following output:
Change Dir: /home/cgardner/sandbox/ettus_latency/build/CMakeFiles/CMakeTmp

Run Build Command:/usr/bin/gmake "cmTryCompileExec2838380045/fast"
gmake[1]: Entering directory `/home/cgardner/sandbox/ettus_latency/build/CMakeFiles/CMakeTmp'
/usr/bin/gmake -f CMakeFiles/cmTryCompileExec2838380045.dir/build.make CMakeFiles/cmTryCompileExec2838380045.dir/build
gmake[2]: Entering directory `/home/cgardner/sandbox/ettus_latency/build/CMakeFiles/CMakeTmp'
/usr/bin/cmake -E cmake_progress_report /home/cgardner/sandbox/ettus_latency/build/CMakeFiles/CMakeTmp/CMakeFiles 1
Building CXX object CMakeFiles/cmTryCompileExec2838380045.dir/CMakeCXXCompilerABI.cpp.o
/usr/lib64/ccache/c++     -o CMakeFiles/cmTryCompileExec2838380045.dir/CMakeCXXCompilerABI.cpp.o -c /usr/share/cmake/Modules/CMakeCXXCompilerABI.cpp
Linking CXX executable cmTryCompileExec2838380045
/usr/bin/cmake -E cmake_link_script CMakeFiles/cmTryCompileExec2838380045.dir/link.txt --verbose=1
/usr/lib64/ccache/c++        -v CMakeFiles/cmTryCompileExec2838380045.dir/CMakeCXXCompilerABI.cpp.o  -o cmTryCompileExec2838380045 -rdynamic  
Using built-in specs.
COLLECT_GCC=/usr/bin/c++
COLLECT_LTO_WRAPPER=/usr/libexec/gcc/x86_64-redhat-linux/4.7.2/lto-wrapper
Target: x86_64-redhat-linux
Configured with: ../configure --prefix=/usr --mandir=/usr/share/man --infodir=/usr/share/info --with-bugurl=http://bugzilla.redhat.com/bugzilla --enable-bootstrap --enable-shared --enable-threads=posix --enable-checking=release --disable-build-with-cxx --disable-build-poststage1-with-cxx --with-system-zlib --enable-__cxa_atexit --disable-libunwind-exceptions --enable-gnu-unique-object --enable-linker-build-id --with-linker-hash-style=gnu --enable-languages=c,c++,objc,obj-c++,java,fortran,ada,go,lto --enable-plugin --enable-initfini-array --enable-java-awt=gtk --disable-dssi --with-java-home=/usr/lib/jvm/java-1.5.0-gcj-1.5.0.0/jre --enable-libgcj-multifile --enable-java-maintainer-mode --with-ecj-jar=/usr/share/java/eclipse-ecj.jar --disable-libjava-multilib --with-ppl --with-cloog --with-tune=generic --with-arch_32=i686 --build=x86_64-redhat-linux
Thread model: posix
gcc version 4.7.2 20120921 (Red Hat 4.7.2-2) (GCC) 
COMPILER_PATH=/usr/libexec/gcc/x86_64-redhat-linux/4.7.2/:/usr/libexec/gcc/x86_64-redhat-linux/4.7.2/:/usr/libexec/gcc/x86_64-redhat-linux/:/usr/lib/gcc/x86_64-redhat-linux/4.7.2/:/usr/lib/gcc/x86_64-redhat-linux/
LIBRARY_PATH=/usr/lib/gcc/x86_64-redhat-linux/4.7.2/:/usr/lib/gcc/x86_64-redhat-linux/4.7.2/../../../../lib64/:/lib/../lib64/:/usr/lib/../lib64/:/usr/lib/gcc/x86_64-redhat-linux/4.7.2/../../../:/lib/:/usr/lib/
COLLECT_GCC_OPTIONS='-v' '-o' 'cmTryCompileExec2838380045' '-rdynamic' '-shared-libgcc' '-mtune=generic' '-march=x86-64'
 /usr/libexec/gcc/x86_64-redhat-linux/4.7.2/collect2 --build-id --no-add-needed --eh-frame-hdr --hash-style=gnu -m elf_x86_64 -export-dynamic -dynamic-linker /lib64/ld-linux-x86-64.so.2 -o cmTryCompileExec2838380045 /usr/lib/gcc/x86_64-redhat-linux/4.7.2/../../../../lib64/crt1.o /usr/lib/gcc/x86_64-redhat-linux/4.7.2/../../../../lib64/crti.o /usr/lib/gcc/x86_64-redhat-linux/4.7.2/crtbegin.o -L/usr/lib/gcc/x86_64-redhat-linux/4.7.2 -L/usr/lib/gcc/x86_64-redhat-linux/4.7.2/../../../../lib64 -L/lib/../lib64 -L/usr/lib/../lib64 -L/usr/lib/gcc/x86_64-redhat-linux/4.7.2/../../.. CMakeFiles/cmTryCompileExec2838380045.dir/CMakeCXXCompilerABI.cpp.o -lstdc++ -lm -lgcc_s -lgcc -lc -lgcc_s -lgcc /usr/lib/gcc/x86_64-redhat-linux/4.7.2/crtend.o /usr/lib/gcc/x86_64-redhat-linux/4.7.2/../../../../lib64/crtn.o
gmake[2]: Leaving directory `/home/cgardner/sandbox/ettus_latency/build/CMakeFiles/CMakeTmp'
gmake[1]: Leaving directory `/home/cgardner/sandbox/ettus_latency/build/CMakeFiles/CMakeTmp'


Parsed CXX implicit link information from above output:
  link line regex: [^( *|.*[/\])(ld|ld|collect2)[^/\]*( |$)]
  ignore line: [Change Dir: /home/cgardner/sandbox/ettus_latency/build/CMakeFiles/CMakeTmp]
  ignore line: []
  ignore line: [Run Build Command:/usr/bin/gmake "cmTryCompileExec2838380045/fast"]
  ignore line: [gmake[1]: Entering directory `/home/cgardner/sandbox/ettus_latency/build/CMakeFiles/CMakeTmp']
  ignore line: [/usr/bin/gmake -f CMakeFiles/cmTryCompileExec2838380045.dir/build.make CMakeFiles/cmTryCompileExec2838380045.dir/build]
  ignore line: [gmake[2]: Entering directory `/home/cgardner/sandbox/ettus_latency/build/CMakeFiles/CMakeTmp']
  ignore line: [/usr/bin/cmake -E cmake_progress_report /home/cgardner/sandbox/ettus_latency/build/CMakeFiles/CMakeTmp/CMakeFiles 1]
  ignore line: [Building CXX object CMakeFiles/cmTryCompileExec2838380045.dir/CMakeCXXCompilerABI.cpp.o]
  ignore line: [/usr/lib64/ccache/c++     -o CMakeFiles/cmTryCompileExec2838380045.dir/CMakeCXXCompilerABI.cpp.o -c /usr/share/cmake/Modules/CMakeCXXCompilerABI.cpp]
  ignore line: [Linking CXX executable cmTryCompileExec2838380045]
  ignore line: [/usr/bin/cmake -E cmake_link_script CMakeFiles/cmTryCompileExec2838380045.dir/link.txt --verbose=1]
  ignore line: [/usr/lib64/ccache/c++        -v CMakeFiles/cmTryCompileExec2838380045.dir/CMakeCXXCompilerABI.cpp.o  -o cmTryCompileExec2838380045 -rdynamic  ]
  ignore line: [Using built-in specs.]
  ignore line: [COLLECT_GCC=/usr/bin/c++]
  ignore line: [COLLECT_LTO_WRAPPER=/usr/libexec/gcc/x86_64-redhat-linux/4.7.2/lto-wrapper]
  ignore line: [Target: x86_64-redhat-linux]
  ignore line: [Configured with: ../configure --prefix=/usr --mandir=/usr/share/man --infodir=/usr/share/info --with-bugurl=http://bugzilla.redhat.com/bugzilla --enable-bootstrap --enable-shared --enable-threads=posix --enable-checking=release --disable-build-with-cxx --disable-build-poststage1-with-cxx --with-system-zlib --enable-__cxa_atexit --disable-libunwind-exceptions --enable-gnu-unique-object --enable-linker-build-id --with-linker-hash-style=gnu --enable-languages=c,c++,objc,obj-c++,java,fortran,ada,go,lto --enable-plugin --enable-initfini-array --enable-java-awt=gtk --disable-dssi --with-java-home=/usr/lib/jvm/java-1.5.0-gcj-1.5.0.0/jre --enable-libgcj-multifile --enable-java-maintainer-mode --with-ecj-jar=/usr/share/java/eclipse-ecj.jar --disable-libjava-multilib --with-ppl --with-cloog --with-tune=generic --with-arch_32=i686 --build=x86_64-redhat-linux]
  ignore line: [Thread model: posix]
  ignore line: [gcc version 4.7.2 20120921 (Red Hat 4.7.2-2) (GCC) ]
  ignore line: [COMPILER_PATH=/usr/libexec/gcc/x86_64-redhat-linux/4.7.2/:/usr/libexec/gcc/x86_64-redhat-linux/4.7.2/:/usr/libexec/gcc/x86_64-redhat-linux/:/usr/lib/gcc/x86_64-redhat-linux/4.7.2/:/usr/lib/gcc/x86_64-redhat-linux/]
  ignore line: [LIBRARY_PATH=/usr/lib/gcc/x86_64-redhat-linux/4.7.2/:/usr/lib/gcc/x86_64-redhat-linux/4.7.2/../../../../lib64/:/lib/../lib64/:/usr/lib/../lib64/:/usr/lib/gcc/x86_64-redhat-linux/4.7.2/../../../:/lib/:/usr/lib/]
  ignore line: [COLLECT_GCC_OPTIONS='-v' '-o' 'cmTryCompileExec2838380045' '-rdynamic' '-shared-libgcc' '-mtune=generic' '-march=x86-64']
  link line: [ /usr/libexec/gcc/x86_64-redhat-linux/4.7.2/collect2 --build-id --no-add-needed --eh-frame-hdr --hash-style=gnu -m elf_x86_64 -export-dynamic -dynamic-linker /lib64/ld-linux-x86-64.so.2 -o cmTryCompileExec2838380045 /usr/lib/gcc/x86_64-redhat-linux/4.7.2/../../../../lib64/crt1.o /usr/lib/gcc/x86_64-redhat-linux/4.7.2/../../../../lib64/crti.o /usr/lib/gcc/x86_64-redhat-linux/4.7.2/crtbegin.o -L/usr/lib/gcc/x86_64-redhat-linux/4.7.2 -L/usr/lib/gcc/x86_64-redhat-linux/4.7.2/../../../../lib64 -L/lib/../lib64 -L/usr/lib/../lib64 -L/usr/lib/gcc/x86_64-redhat-linux/4.7.2/../../.. CMakeFiles/cmTryCompileExec2838380045.dir/CMakeCXXCompilerABI.cpp.o -lstdc++ -lm -lgcc_s -lgcc -lc -lgcc_s -lgcc /usr/lib/gcc/x86_64-redhat-linux/4.7.2/crtend.o /usr/lib/gcc/x86_64-redhat-linux/4.7.2/../../../../lib64/crtn.o]
    arg [/usr/libexec/gcc/x86_64-redhat-linux/4.7.2/collect2] ==> ignore
    arg [--build-id] ==> ignore
    arg [--no-add-needed] ==> ignore
    arg [--eh-frame-hdr] ==> ignore
    arg [--hash-style=gnu] ==> ignore
    arg [-m] ==> ignore
    arg [elf_x86_64] ==> ignore
    arg [-export-dynamic] ==> ignore
    arg [-dynamic-linker] ==> ignore
    arg [/lib64/ld-linux-x86-64.so.2] ==> ignore
    arg [-o] ==> ignore
    arg [cmTryCompileExec2838380045] ==> ignore
    arg [/usr/lib/gcc/x86_64-redhat-linux/4.7.2/../../../../lib64/crt1.o] ==> ignore
    arg [/usr/lib/gcc/x86_64-redhat-linux/4.7.2/../../../../lib64/crti.o] ==> ignore
    arg [/usr/lib/gcc/x86_64-redhat-linux/4.7.2/crtbegin.o] ==> ignore
    arg [-L/usr/lib/gcc/x86_64-redhat-linux/4.7.2] ==> dir [/usr/lib/gcc/x86_64-redhat-linux/4.7.2]
    arg [-L/usr/lib/gcc/x86_64-redhat-linux/4.7.2/../../../../lib64] ==> dir [/usr/lib/gcc/x86_64-redhat-linux/4.7.2/../../../../lib64]
    arg [-L/lib/../lib64] ==> dir [/lib/../lib64]
    arg [-L/usr/lib/../lib64] ==> dir [/usr/lib/../lib64]
    arg [-L/usr/lib/gcc/x86_64-redhat-linux/4.7.2/../../..] ==> dir [/usr/lib/gcc/x86_64-redhat-linux/4.7.2/../../..]
    arg [CMakeFiles/cmTryCompileExec2838380045.dir/CMakeCXXCompilerABI.cpp.o] ==> ignore
    arg [-lstdc++] ==> lib [stdc++]
    arg [-lm] ==> lib [m]
    arg [-lgcc_s] ==> lib [gcc_s]
    arg [-lgcc] ==> lib [gcc]
    arg [-lc] ==> lib [c]
    arg [-lgcc_s] ==> lib [gcc_s]
    arg [-lgcc] ==> lib [gcc]
    arg [/usr/lib/gcc/x86_64-redhat-linux/4.7.2/crtend.o] ==> ignore
    arg [/usr/lib/gcc/x86_64-redhat-linux/4.7.2/../../../../lib64/crtn.o] ==> ignore
  remove lib [gcc_s]
  remove lib [gcc]
  remove lib [gcc_s]
  remove lib [gcc]
  collapse dir [/usr/lib/gcc/x86_64-redhat-linux/4.7.2] ==> [/usr/lib/gcc/x86_64-redhat-linux/4.7.2]
  collapse dir [/usr/lib/gcc/x86_64-redhat-linux/4.7.2/../../../../lib64] ==> [/usr/lib64]
  collapse dir [/lib/../lib64] ==> [/lib64]
  collapse dir [/usr/lib/../lib64] ==> [/usr/lib64]
  collapse dir [/usr/lib/gcc/x86_64-redhat-linux/4.7.2/../../..] ==> [/usr/lib]
  implicit libs: [stdc++;m;c]
  implicit dirs: [/usr/lib/gcc/x86_64-redhat-linux/4.7.2;/usr/lib64;/lib64;/usr/lib]


